1450429830 52100741 23682150
1450429830 220 100 220 100
1450429530 220 100 220 100
1450429500 220 100 220 100
1450429200 220 100 220 100
1450428900 219 100 220 100
1450428600 219 100 220 100
1450428300 220 100 220 100
1450428000 220 100 220 100
1450427700 220 100 220 100
1450427400 219 100 220 100
1450427100 219 100 220 100
1450426800 220 100 220 100
1450426500 220 100 220 100
1450426200 220 100 220 100
1450425900 219 100 220 100
1450425600 219 100 220 100
1450425300 220 100 220 100
1450425000 220 100 220 100
1450424700 219 100 220 100
1450424400 219 100 220 100
1450424100 220 100 220 100
1450423800 220 100 220 100
1450423500 220 100 220 100
1450423200 220 100 220 100
1450422900 220 100 220 100
1450422600 220 100 220 100
1450422300 220 100 220 100
1450422000 219 100 220 100
1450421700 219 100 220 100
1450421400 220 100 220 100
1450421100 220 100 220 100
1450420800 219 100 220 100
1450420500 219 100 220 100
1450420200 220 100 220 100
1450419900 220 100 220 100
1450419600 220 100 220 100
1450419300 219 100 220 100
1450419000 219 100 220 100
1450418700 220 100 220 100
1450418400 220 100 220 100
1450418100 220 100 220 100
1450417800 220 100 220 100
1450417500 220 100 220 100
1450417200 220 100 220 100
1450416900 220 100 220 100
1450416600 220 100 220 100
1450416300 220 100 220 100
1450416000 220 100 220 100
1450415700 219 100 220 100
1450415400 219 100 220 100
1450415100 220 100 220 100
1450414800 220 100 220 100
1450414500 220 100 220 100
1450414200 219 100 220 100
1450413900 219 100 220 100
1450413600 220 100 220 100
1450413300 220 100 220 100
1450413000 220 100 220 100
1450412700 220 100 220 100
1450412400 219 100 220 100
1450412100 219 100 220 100
1450411800 220 100 220 100
1450411500 220 100 220 100
1450411200 220 100 220 100
1450410900 219 100 220 100
1450410600 219 100 220 100
1450410300 220 100 220 100
1450410000 220 100 220 100
1450409700 220 100 220 100
1450409400 219 100 220 100
1450409100 219 100 220 100
1450408800 220 100 220 100
1450408500 220 100 220 100
1450408200 219 100 220 100
1450407900 219 100 220 100
1450407600 220 100 220 100
1450407300 220 100 220 100
1450407000 220 100 220 100
1450406700 219 100 220 100
1450406400 219 100 220 100
1450406100 220 100 220 100
1450405800 220 100 220 100
1450405500 219 100 220 100
1450405200 219 100 220 100
1450404900 220 100 220 100
1450404600 220 100 220 100
1450404300 220 100 220 100
1450404000 219 100 220 100
1450403700 219 100 220 100
1450403400 220 100 220 100
1450403100 220 100 220 100
1450402800 219 100 220 100
1450402500 219 100 220 100
1450402200 220 100 220 100
1450401900 220 100 220 100
1450401600 220 100 220 100
1450401300 219 100 220 100
1450401000 219 100 220 100
1450400700 220 100 220 100
1450400400 220 100 220 100
1450400100 220 100 220 100
1450399800 219 100 220 100
1450399500 219 100 220 100
1450399200 220 100 220 100
1450398900 220 100 220 100
1450398600 220 100 220 100
1450398300 219 100 220 100
1450398000 219 100 220 100
1450397700 220 100 220 100
1450397400 220 100 220 100
1450397100 220 100 220 100
1450396800 219 100 220 100
1450396500 219 100 220 100
1450396200 220 100 220 100
1450395900 220 100 220 100
1450395600 220 100 220 100
1450395300 219 100 220 100
1450395000 219 100 220 100
1450394700 220 100 220 100
1450394400 220 100 220 100
1450394100 220 100 220 100
1450393800 219 100 220 100
1450393500 219 100 220 100
1450393200 220 100 220 100
1450392900 220 100 220 100
1450392600 220 100 220 100
1450392300 219 100 220 100
1450392000 219 100 220 100
1450391700 220 100 220 100
1450391400 220 100 220 100
1450391100 219 100 220 100
1450390800 219 100 220 100
1450390500 220 100 220 100
1450390200 220 100 220 100
1450389900 220 100 220 100
1450389600 219 100 220 100
1450389300 219 100 220 100
1450389000 220 100 220 100
1450388700 220 100 220 100
1450388400 220 100 220 100
1450388100 219 100 220 100
1450387800 219 100 220 100
1450387500 220 100 220 100
1450387200 220 100 220 100
1450386900 220 100 220 100
1450386600 219 100 220 100
1450386300 219 100 220 100
1450386000 220 100 220 100
1450385700 220 100 220 100
1450385400 219 100 220 100
1450385100 219 100 220 100
1450384800 220 100 220 100
1450384500 220 100 220 100
1450384200 220 100 220 100
1450383900 219 100 220 100
1450383600 219 100 220 100
1450383300 220 100 220 100
1450383000 220 100 220 100
1450382700 220 100 220 100
1450382400 220 100 220 100
1450382100 220 100 220 100
1450381800 220 100 220 100
1450381500 220 100 220 100
1450381200 220 100 220 100
1450380900 220 100 220 100
1450380600 220 100 220 100
1450380300 219 100 220 100
1450380000 219 100 220 100
1450379700 220 100 220 100
1450379400 220 100 220 100
1450379100 220 100 220 100
1450378800 219 100 220 100
1450378500 219 100 220 100
1450378200 220 100 220 100
1450377900 220 100 220 100
1450377600 219 100 220 100
1450377300 219 100 220 100
1450377000 220 100 220 100
1450376700 220 100 220 100
1450376400 220 100 220 100
1450376100 219 100 220 100
1450375800 219 100 220 100
1450375500 220 100 220 100
1450375200 220 100 220 100
1450374900 220 100 220 100
1450374600 219 100 220 100
1450374300 219 100 220 100
1450374000 220 100 220 100
1450373700 220 100 220 100
1450373400 220 100 220 100
1450373100 220 100 220 100
1450372800 220 100 220 100
1450372500 220 100 220 100
1450372200 220 100 220 100
1450371900 220 100 220 100
1450371600 220 100 220 100
1450371300 220 100 220 100
1450371000 220 100 220 100
1450370700 219 100 220 100
1450370400 219 100 220 100
1450370100 220 100 220 100
1450369800 220 100 220 100
1450369500 219 100 220 100
1450369200 219 100 220 100
1450368900 220 100 220 100
1450368600 220 100 220 100
1450368300 220 100 220 100
1450368000 219 100 220 100
1450367700 219 100 220 100
1450367400 220 100 220 100
1450367100 220 100 220 100
1450366800 220 100 220 100
1450366500 220 100 220 100
1450366200 220 100 220 100
1450365900 220 100 220 100
1450365600 220 100 220 100
1450365300 220 100 220 100
1450365000 220 100 220 100
1450364700 220 100 220 100
1450364400 220 100 220 100
1450364100 220 100 220 100
1450363800 220 100 220 100
1450363500 220 100 220 100
1450363200 220 100 220 100
1450362900 220 100 220 100
1450362600 220 100 220 100
1450362300 220 100 220 100
1450362000 220 100 220 100
1450361700 220 100 220 100
1450361400 220 100 220 100
1450361100 220 100 220 100
1450360800 220 100 220 100
1450360500 220 100 220 100
1450360200 220 100 220 100
1450359900 220 100 220 100
1450359600 220 100 220 100
1450359300 220 100 220 100
1450359000 220 100 220 100
1450358700 220 100 220 100
1450358400 220 100 220 100
1450358100 220 100 220 100
1450357800 220 100 220 100
1450357500 220 100 220 100
1450357200 220 100 220 100
1450356900 220 100 220 100
1450356600 220 100 220 100
1450356300 220 100 220 100
1450356000 220 100 220 100
1450355700 220 100 220 100
1450355400 220 100 220 100
1450355100 220 100 220 100
1450354800 220 100 220 100
1450354500 220 100 220 100
1450354200 220 100 220 100
1450353900 220 100 220 100
1450353600 220 100 220 100
1450353300 220 100 220 100
1450353000 220 100 220 100
1450352700 220 100 220 100
1450352400 220 100 220 100
1450352100 220 100 220 100
1450351800 220 100 220 100
1450351500 220 100 220 100
1450351200 220 100 220 100
1450350900 220 100 220 100
1450350600 220 100 220 100
1450350300 220 100 220 100
1450350000 220 100 220 100
1450349700 220 100 220 100
1450349400 220 100 220 100
1450349100 220 100 220 100
1450348800 220 100 220 100
1450348500 220 100 220 100
1450348200 220 100 220 100
1450347900 220 100 220 100
1450347600 220 100 220 100
1450347300 220 100 220 100
1450347000 220 100 220 100
1450346700 220 100 220 100
1450346400 220 100 220 100
1450346100 220 100 220 100
1450345800 220 100 220 100
1450345500 220 100 220 100
1450345200 220 100 220 100
1450344900 220 100 220 100
1450344600 220 100 220 100
1450344300 220 100 220 100
1450344000 220 100 220 100
1450343700 220 100 220 100
1450343400 220 100 220 100
1450343100 220 100 220 100
1450342800 220 100 220 100
1450342500 220 100 220 100
1450342200 220 100 220 100
1450341900 220 100 220 100
1450341600 220 100 220 100
1450341300 220 100 220 100
1450341000 220 100 220 100
1450340700 220 100 220 100
1450340400 220 100 220 100
1450340100 220 100 220 100
1450339800 220 100 220 100
1450339500 220 100 220 100
1450339200 220 100 220 100
1450338900 220 100 220 100
1450338600 220 100 220 100
1450338300 220 100 220 100
1450338000 220 100 220 100
1450337700 220 100 220 100
1450337400 220 100 220 100
1450337100 220 100 220 100
1450336800 220 100 220 100
1450336500 220 100 220 100
1450336200 220 100 220 100
1450335900 220 100 220 100
1450335600 220 100 220 100
1450335300 220 100 220 100
1450335000 220 100 220 100
1450334700 220 100 220 100
1450334400 220 100 220 100
1450334100 220 100 220 100
1450333800 220 100 220 100
1450333500 220 100 220 100
1450333200 220 100 220 100
1450332900 220 100 220 100
1450332600 220 100 220 100
1450332300 220 100 220 100
1450332000 220 100 220 100
1450331700 220 100 220 100
1450331400 220 100 220 100
1450331100 220 100 220 100
1450330800 220 100 220 100
1450330500 220 100 220 100
1450330200 220 100 220 100
1450329900 220 100 220 100
1450329600 220 100 220 100
1450329300 220 100 220 100
1450329000 220 100 220 100
1450328700 220 100 220 100
1450328400 220 100 220 100
1450328100 220 100 220 100
1450327800 220 100 220 100
1450327500 220 100 220 100
1450327200 220 100 220 100
1450326900 220 100 220 100
1450326600 220 100 220 100
1450326300 220 100 220 100
1450326000 220 100 220 100
1450325700 220 100 220 100
1450325400 220 100 220 100
1450325100 220 100 220 100
1450324800 220 100 220 100
1450324500 220 100 220 100
1450324200 220 100 220 100
1450323900 220 100 220 100
1450323600 220 100 220 100
1450323300 220 100 220 100
1450323000 220 100 220 100
1450322700 220 100 220 100
1450322400 220 100 220 100
1450322100 220 100 220 100
1450321800 220 100 220 100
1450321500 220 100 220 100
1450321200 220 100 220 100
1450320900 220 100 220 100
1450320600 220 100 220 100
1450320300 220 100 220 100
1450320000 220 100 220 100
1450319700 220 100 220 100
1450319400 220 100 220 100
1450319100 220 100 220 100
1450318800 220 100 220 100
1450318500 220 100 220 100
1450318200 220 100 220 100
1450317900 220 100 220 100
1450317600 220 100 220 100
1450317300 220 100 220 100
1450317000 220 100 220 100
1450316700 220 100 220 100
1450316400 220 100 220 100
1450316100 220 100 220 100
1450315800 220 100 220 100
1450315500 220 100 220 100
1450315200 220 100 220 100
1450314900 220 100 220 100
1450314600 220 100 220 100
1450314300 220 100 220 100
1450314000 220 100 220 100
1450313700 220 100 220 100
1450313400 220 100 220 100
1450313100 220 100 220 100
1450312800 220 100 220 100
1450312500 220 100 220 100
1450312200 220 100 220 100
1450311900 220 100 220 100
1450311600 220 100 220 100
1450311300 220 100 220 100
1450311000 220 100 220 100
1450310700 220 100 220 100
1450310400 220 100 220 100
1450310100 220 100 220 100
1450309800 220 100 220 100
1450309500 220 100 220 100
1450309200 220 100 220 100
1450308900 220 100 220 100
1450308600 220 100 220 100
1450308300 220 100 220 100
1450308000 220 100 220 100
1450307700 220 100 220 100
1450307400 220 100 220 100
1450307100 220 100 220 100
1450306800 220 100 220 100
1450306500 220 100 220 100
1450306200 220 100 220 100
1450305900 220 100 220 100
1450305600 220 100 220 100
1450305300 220 100 220 100
1450305000 220 100 220 100
1450304700 220 100 220 100
1450304400 220 100 220 100
1450304100 220 100 220 100
1450303800 220 100 220 100
1450303500 220 100 220 100
1450303200 220 100 220 100
1450302900 220 100 220 100
1450302600 220 100 220 100
1450302300 220 100 220 100
1450302000 220 100 220 100
1450301700 220 100 220 100
1450301400 220 100 220 100
1450301100 220 100 220 100
1450300800 220 100 220 100
1450300500 220 100 220 100
1450300200 220 100 220 100
1450299900 220 100 220 100
1450299600 220 100 220 100
1450299300 220 100 220 100
1450299000 220 100 220 100
1450298700 220 100 220 100
1450298400 220 100 220 100
1450298100 220 100 220 100
1450297800 220 100 220 100
1450297500 219 100 220 100
1450297200 219 100 220 100
1450296900 220 100 220 100
1450296600 12 5 220 100
1450296300 0 0 0 0
1450296000 0 0 0 0
1450295700 0 0 0 0
1450295400 0 0 0 0
1450295100 0 0 0 0
1450294800 0 0 0 0
1450294500 0 0 0 0
1450294200 0 0 0 0
1450293900 0 0 0 0
1450293600 0 0 0 0
1450293300 0 0 0 0
1450293000 0 0 0 0
1450292700 0 0 0 0
1450292400 0 0 0 0
1450292100 0 0 0 0
1450291800 0 0 0 0
1450291500 0 0 0 0
1450291200 0 0 0 0
1450290900 0 0 0 0
1450290600 0 0 0 0
1450290300 0 0 0 0
1450290000 0 0 0 0
1450289700 0 0 0 0
1450289400 0 0 0 0
1450289100 0 0 0 0
1450288800 0 0 0 0
1450288500 0 0 0 0
1450288200 0 0 0 0
1450287900 0 0 0 0
1450287600 0 0 0 0
1450287300 0 0 0 0
1450287000 0 0 0 0
1450286700 0 0 0 0
1450286400 0 0 0 0
1450286100 0 0 0 0
1450285800 0 0 0 0
1450285500 0 0 0 0
1450285200 0 0 0 0
1450284900 0 0 0 0
1450284600 0 0 0 0
1450284300 0 0 0 0
1450284000 0 0 0 0
1450283700 0 0 0 0
1450283400 0 0 0 0
1450283100 0 0 0 0
1450282800 0 0 0 0
1450282500 0 0 0 0
1450282200 0 0 0 0
1450281900 0 0 0 0
1450281600 0 0 0 0
1450281300 0 0 0 0
1450281000 0 0 0 0
1450280700 0 0 0 0
1450280400 0 0 0 0
1450280100 0 0 0 0
1450279800 0 0 0 0
1450279500 0 0 0 0
1450279200 0 0 0 0
1450278900 0 0 0 0
1450278600 0 0 0 0
1450278300 0 0 0 0
1450278000 0 0 0 0
1450277700 0 0 0 0
1450277400 0 0 0 0
1450277100 0 0 0 0
1450276800 0 0 0 0
1450276500 0 0 0 0
1450276200 0 0 0 0
1450275900 0 0 0 0
1450275600 0 0 0 0
1450275300 0 0 0 0
1450275000 0 0 0 0
1450274700 0 0 0 0
1450274400 0 0 0 0
1450274100 0 0 0 0
1450273800 0 0 0 0
1450273500 0 0 0 0
1450273200 0 0 0 0
1450272900 0 0 0 0
1450272600 0 0 0 0
1450272300 0 0 0 0
1450272000 0 0 0 0
1450271700 0 0 0 0
1450271400 0 0 0 0
1450271100 0 0 0 0
1450270800 0 0 0 0
1450270500 0 0 0 0
1450270200 0 0 0 0
1450269900 0 0 0 0
1450269600 0 0 0 0
1450269300 0 0 0 0
1450269000 0 0 0 0
1450268700 0 0 0 0
1450268400 0 0 0 0
1450268100 0 0 0 0
1450267800 0 0 0 0
1450267500 0 0 0 0
1450267200 0 0 0 0
1450266900 0 0 0 0
1450266600 0 0 0 0
1450266300 0 0 0 0
1450266000 0 0 0 0
1450265700 0 0 0 0
1450265400 0 0 0 0
1450265100 0 0 0 0
1450264800 0 0 0 0
1450264500 0 0 0 0
1450264200 0 0 0 0
1450263900 0 0 0 0
1450263600 0 0 0 0
1450263300 0 0 0 0
1450263000 0 0 0 0
1450262700 0 0 0 0
1450262400 0 0 0 0
1450262100 0 0 0 0
1450261800 0 0 0 0
1450261500 0 0 0 0
1450261200 0 0 0 0
1450260900 0 0 0 0
1450260600 0 0 0 0
1450260300 0 0 0 0
1450260000 0 0 0 0
1450259700 0 0 0 0
1450259400 0 0 0 0
1450259100 0 0 0 0
1450258800 0 0 0 0
1450258500 0 0 0 0
1450258200 0 0 0 0
1450257900 0 0 0 0
1450257600 0 0 0 0
1450257300 0 0 0 0
1450257000 0 0 0 0
1450256700 0 0 0 0
1450256400 0 0 0 0
1450256100 0 0 0 0
1450255800 0 0 0 0
1450255500 0 0 0 0
1450255200 0 0 0 0
1450254900 0 0 0 0
1450254600 0 0 0 0
1450254300 0 0 0 0
1450254000 0 0 0 0
1450253700 0 0 0 0
1450253400 0 0 0 0
1450253100 0 0 0 0
1450252800 0 0 0 0
1450252500 0 0 0 0
1450252200 0 0 0 0
1450251900 0 0 0 0
1450251600 0 0 0 0
1450251300 0 0 0 0
1450251000 0 0 0 0
1450250700 0 0 0 0
1450250400 0 0 0 0
1450250100 0 0 0 0
1450249800 0 0 0 0
1450249200 0 0 0 0
1450247400 0 0 0 0
1450245600 0 0 0 0
1450243800 0 0 0 0
1450242000 0 0 0 0
1450240200 0 0 0 0
1450238400 0 0 0 0
1450236600 0 0 0 0
1450234800 0 0 0 0
1450233000 0 0 0 0
1450231200 0 0 0 0
1450229400 0 0 0 0
1450227600 0 0 0 0
1450225800 0 0 0 0
1450224000 0 0 0 0
1450222200 0 0 0 0
1450220400 0 0 0 0
1450218600 0 0 0 0
1450216800 0 0 0 0
1450215000 0 0 0 0
1450213200 0 0 0 0
1450211400 0 0 0 0
1450209600 0 0 0 0
1450207800 0 0 0 0
1450206000 0 0 0 0
1450204200 0 0 0 0
1450202400 0 0 0 0
1450200600 0 0 0 0
1450198800 0 0 0 0
1450197000 0 0 0 0
1450195200 0 0 0 0
1450193400 0 0 0 0
1450191600 0 0 0 0
1450189800 0 0 0 0
1450188000 0 0 0 0
1450186200 0 0 0 0
1450184400 0 0 0 0
1450182600 0 0 0 0
1450180800 0 0 0 0
1450179000 0 0 0 0
1450177200 0 0 0 0
1450175400 0 0 0 0
1450173600 0 0 0 0
1450171800 0 0 0 0
1450170000 0 0 0 0
1450168200 0 0 0 0
1450166400 0 0 0 0
1450164600 0 0 0 0
1450162800 0 0 0 0
1450161000 0 0 0 0
1450159200 0 0 0 0
1450157400 0 0 0 0
1450155600 0 0 0 0
1450153800 0 0 0 0
1450152000 0 0 0 0
1450150200 0 0 0 0
1450148400 0 0 0 0
1450146600 0 0 0 0
1450144800 0 0 0 0
1450143000 0 0 0 0
1450141200 0 0 0 0
1450139400 0 0 0 0
1450137600 0 0 0 0
1450135800 0 0 0 0
1450134000 0 0 0 0
1450132200 0 0 0 0
1450130400 0 0 0 0
1450128600 0 0 0 0
1450126800 0 0 0 0
1450125000 0 0 0 0
1450123200 0 0 0 0
1450121400 0 0 0 0
1450119600 0 0 0 0
1450117800 0 0 0 0
1450116000 0 0 0 0
1450114200 0 0 0 0
1450112400 0 0 0 0
1450110600 0 0 0 0
1450108800 0 0 0 0
1450107000 0 0 0 0
1450105200 0 0 0 0
1450103400 0 0 0 0
1450101600 0 0 0 0
1450099800 0 0 0 0
1450098000 0 0 0 0
1450096200 0 0 0 0
1450094400 0 0 0 0
1450092600 0 0 0 0
1450090800 0 0 0 0
1450089000 0 0 0 0
1450087200 0 0 0 0
1450085400 0 0 0 0
1450083600 0 0 0 0
1450081800 0 0 0 0
1450080000 0 0 0 0
1450078200 0 0 0 0
1450076400 0 0 0 0
1450074600 0 0 0 0
1450072800 0 0 0 0
1450071000 0 0 0 0
1450069200 0 0 0 0
1450067400 0 0 0 0
1450065600 0 0 0 0
1450063800 0 0 0 0
1450062000 0 0 0 0
1450060200 0 0 0 0
1450058400 0 0 0 0
1450056600 0 0 0 0
1450054800 0 0 0 0
1450053000 0 0 0 0
1450051200 0 0 0 0
1450049400 0 0 0 0
1450047600 0 0 0 0
1450045800 0 0 0 0
1450044000 0 0 0 0
1450042200 0 0 0 0
1450040400 0 0 0 0
1450038600 0 0 0 0
1450036800 0 0 0 0
1450035000 0 0 0 0
1450033200 0 0 0 0
1450031400 0 0 0 0
1450029600 0 0 0 0
1450027800 0 0 0 0
1450026000 0 0 0 0
1450024200 0 0 0 0
1450022400 0 0 0 0
1450020600 0 0 0 0
1450018800 0 0 0 0
1450017000 0 0 0 0
1450015200 0 0 0 0
1450013400 0 0 0 0
1450011600 0 0 0 0
1450009800 0 0 0 0
1450008000 0 0 0 0
1450006200 0 0 0 0
1450004400 0 0 0 0
1450002600 0 0 0 0
1450000800 0 0 0 0
1449999000 0 0 0 0
1449997200 0 0 0 0
1449995400 0 0 0 0
1449993600 0 0 0 0
1449991800 0 0 0 0
1449990000 0 0 0 0
1449988200 0 0 0 0
1449986400 0 0 0 0
1449984600 0 0 0 0
1449982800 0 0 0 0
1449981000 0 0 0 0
1449979200 0 0 0 0
1449977400 0 0 0 0
1449975600 0 0 0 0
1449973800 0 0 0 0
1449972000 0 0 0 0
1449970200 0 0 0 0
1449968400 0 0 0 0
1449966600 0 0 0 0
1449964800 0 0 0 0
1449963000 0 0 0 0
1449961200 0 0 0 0
1449959400 0 0 0 0
1449957600 0 0 0 0
1449955800 0 0 0 0
1449954000 0 0 0 0
1449952200 0 0 0 0
1449950400 0 0 0 0
1449948600 0 0 0 0
1449946800 0 0 0 0
1449945000 0 0 0 0
1449943200 0 0 0 0
1449941400 0 0 0 0
1449939600 0 0 0 0
1449937800 0 0 0 0
1449936000 0 0 0 0
1449934200 0 0 0 0
1449932400 0 0 0 0
1449930600 0 0 0 0
1449928800 0 0 0 0
1449927000 0 0 0 0
1449925200 0 0 0 0
1449923400 0 0 0 0
1449921600 0 0 0 0
1449919800 0 0 0 0
1449918000 0 0 0 0
1449916200 0 0 0 0
1449914400 0 0 0 0
1449912600 0 0 0 0
1449910800 0 0 0 0
1449909000 0 0 0 0
1449907200 0 0 0 0
1449905400 0 0 0 0
1449903600 0 0 0 0
1449901800 0 0 0 0
1449900000 0 0 0 0
1449898200 0 0 0 0
1449896400 0 0 0 0
1449894600 0 0 0 0
1449892800 0 0 0 0
1449891000 0 0 0 0
1449889200 0 0 0 0
1449887400 0 0 0 0
1449885600 0 0 0 0
1449883800 0 0 0 0
1449882000 0 0 0 0
1449880200 0 0 0 0
1449878400 0 0 0 0
1449876600 0 0 0 0
1449874800 0 0 0 0
1449873000 0 0 0 0
1449871200 0 0 0 0
1449869400 0 0 0 0
1449867600 0 0 0 0
1449865800 0 0 0 0
1449864000 0 0 0 0
1449862200 0 0 0 0
1449860400 0 0 0 0
1449858600 0 0 0 0
1449856800 0 0 0 0
1449855000 0 0 0 0
1449853200 0 0 0 0
1449851400 0 0 0 0
1449849600 0 0 0 0
1449847800 0 0 0 0
1449846000 0 0 0 0
1449844200 0 0 0 0
1449842400 0 0 0 0
1449840600 0 0 0 0
1449838800 0 0 0 0
1449837000 0 0 0 0
1449835200 0 0 0 0
1449833400 0 0 0 0
1449831600 0 0 0 0
1449829800 0 0 0 0
1449828000 0 0 0 0
1449826200 0 0 0 0
1449824400 0 0 0 0
1449822600 0 0 0 0
1449820800 0 0 0 0
1449819000 0 0 0 0
1449817200 0 0 0 0
1449815400 0 0 0 0
1449813600 0 0 0 0
1449811800 0 0 0 0
1449810000 0 0 0 0
1449808200 0 0 0 0
1449806400 0 0 0 0
1449804600 0 0 0 0
1449802800 0 0 0 0
1449801000 0 0 0 0
1449799200 0 0 0 0
1449797400 0 0 0 0
1449795600 0 0 0 0
1449793800 0 0 0 0
1449792000 0 0 0 0
1449790200 0 0 0 0
1449788400 0 0 0 0
1449786600 0 0 0 0
1449784800 0 0 0 0
1449783000 0 0 0 0
1449781200 0 0 0 0
1449779400 0 0 0 0
1449777600 0 0 0 0
1449775800 0 0 0 0
1449774000 0 0 0 0
1449772200 0 0 0 0
1449770400 0 0 0 0
1449768600 0 0 0 0
1449766800 0 0 0 0
1449765000 0 0 0 0
1449763200 0 0 0 0
1449761400 0 0 0 0
1449759600 0 0 0 0
1449757800 0 0 0 0
1449756000 0 0 0 0
1449754200 0 0 0 0
1449752400 0 0 0 0
1449750600 0 0 0 0
1449748800 0 0 0 0
1449747000 0 0 0 0
1449745200 0 0 0 0
1449743400 0 0 0 0
1449741600 0 0 0 0
1449739800 0 0 0 0
1449738000 0 0 0 0
1449736200 0 0 0 0
1449734400 0 0 0 0
1449732600 0 0 0 0
1449730800 0 0 0 0
1449729000 0 0 0 0
1449727200 0 0 0 0
1449725400 0 0 0 0
1449723600 0 0 0 0
1449721800 0 0 0 0
1449720000 0 0 0 0
1449718200 0 0 0 0
1449716400 0 0 0 0
1449714600 0 0 0 0
1449712800 0 0 0 0
1449711000 0 0 0 0
1449709200 0 0 0 0
1449707400 0 0 0 0
1449705600 0 0 0 0
1449703800 0 0 0 0
1449702000 0 0 0 0
1449700200 0 0 0 0
1449698400 0 0 0 0
1449696600 0 0 0 0
1449694800 0 0 0 0
1449693000 0 0 0 0
1449691200 0 0 0 0
1449689400 0 0 0 0
1449687600 0 0 0 0
1449685800 0 0 0 0
1449684000 0 0 0 0
1449682200 0 0 0 0
1449680400 0 0 0 0
1449678600 0 0 0 0
1449676800 0 0 0 0
1449675000 0 0 0 0
1449673200 0 0 0 0
1449671400 0 0 0 0
1449669600 0 0 0 0
1449667800 0 0 0 0
1449666000 0 0 0 0
1449664200 0 0 0 0
1449662400 0 0 0 0
1449660600 0 0 0 0
1449658800 0 0 0 0
1449657000 0 0 0 0
1449655200 0 0 0 0
1449653400 0 0 0 0
1449651600 0 0 0 0
1449649800 0 0 0 0
1449648000 0 0 0 0
1449646200 0 0 0 0
1449644400 0 0 0 0
1449642600 0 0 0 0
1449640800 0 0 0 0
1449639000 0 0 0 0
1449637200 0 0 0 0
1449635400 0 0 0 0
1449633600 0 0 0 0
1449631800 0 0 0 0
1449630000 0 0 0 0
1449628200 0 0 0 0
1449626400 0 0 0 0
1449624600 0 0 0 0
1449622800 0 0 0 0
1449621000 0 0 0 0
1449619200 0 0 0 0
1449617400 0 0 0 0
1449615600 0 0 0 0
1449613800 0 0 0 0
1449612000 0 0 0 0
1449610200 0 0 0 0
1449608400 0 0 0 0
1449606600 0 0 0 0
1449604800 0 0 0 0
1449603000 0 0 0 0
1449601200 0 0 0 0
1449599400 0 0 0 0
1449597600 0 0 0 0
1449595800 0 0 0 0
1449594000 0 0 0 0
1449592200 0 0 0 0
1449590400 0 0 0 0
1449588600 0 0 0 0
1449586800 0 0 0 0
1449585000 0 0 0 0
1449583200 0 0 0 0
1449581400 0 0 0 0
1449579600 0 0 0 0
1449577800 0 0 0 0
1449576000 0 0 0 0
1449574200 0 0 0 0
1449572400 0 0 0 0
1449570600 0 0 0 0
1449568800 0 0 0 0
1449567000 0 0 0 0
1449565200 0 0 0 0
1449563400 0 0 0 0
1449561600 0 0 0 0
1449559800 0 0 0 0
1449558000 0 0 0 0
1449556200 0 0 0 0
1449554400 0 0 0 0
1449552600 0 0 0 0
1449550800 0 0 0 0
1449549000 0 0 0 0
1449547200 0 0 0 0
1449545400 0 0 0 0
1449543600 0 0 0 0
1449541800 0 0 0 0
1449540000 0 0 0 0
1449538200 0 0 0 0
1449536400 0 0 0 0
1449534600 0 0 0 0
1449532800 0 0 0 0
1449531000 0 0 0 0
1449529200 0 0 0 0
1449527400 0 0 0 0
1449525600 0 0 0 0
1449523800 0 0 0 0
1449522000 0 0 0 0
1449520200 0 0 0 0
1449518400 0 0 0 0
1449516600 0 0 0 0
1449514800 0 0 0 0
1449513000 0 0 0 0
1449511200 0 0 0 0
1449509400 0 0 0 0
1449507600 0 0 0 0
1449505800 0 0 0 0
1449504000 0 0 0 0
1449502200 0 0 0 0
1449500400 0 0 0 0
1449498600 0 0 0 0
1449496800 0 0 0 0
1449495000 0 0 0 0
1449493200 0 0 0 0
1449491400 0 0 0 0
1449489600 0 0 0 0
1449487800 0 0 0 0
1449486000 0 0 0 0
1449484200 0 0 0 0
1449482400 0 0 0 0
1449480600 0 0 0 0
1449478800 0 0 0 0
1449477000 0 0 0 0
1449475200 0 0 0 0
1449473400 0 0 0 0
1449471600 0 0 0 0
1449469800 0 0 0 0
1449468000 0 0 0 0
1449466200 0 0 0 0
1449464400 0 0 0 0
1449462600 0 0 0 0
1449460800 0 0 0 0
1449459000 0 0 0 0
1449457200 0 0 0 0
1449455400 0 0 0 0
1449453600 0 0 0 0
1449451800 0 0 0 0
1449450000 0 0 0 0
1449448200 0 0 0 0
1449446400 0 0 0 0
1449444600 0 0 0 0
1449442800 0 0 0 0
1449441000 0 0 0 0
1449439200 0 0 0 0
1449437400 0 0 0 0
1449435600 0 0 0 0
1449433800 0 0 0 0
1449432000 0 0 0 0
1449430200 0 0 0 0
1449428400 0 0 0 0
1449426600 0 0 0 0
1449424800 0 0 0 0
1449423000 0 0 0 0
1449421200 0 0 0 0
1449419400 0 0 0 0
1449417600 0 0 0 0
1449415800 0 0 0 0
1449414000 0 0 0 0
1449412200 0 0 0 0
1449410400 0 0 0 0
1449408600 0 0 0 0
1449406800 0 0 0 0
1449405000 0 0 0 0
1449403200 0 0 0 0
1449401400 0 0 0 0
1449399600 0 0 0 0
1449397800 0 0 0 0
1449396000 0 0 0 0
1449394200 0 0 0 0
1449392400 0 0 0 0
1449390600 0 0 0 0
1449388800 0 0 0 0
1449387000 0 0 0 0
1449385200 0 0 0 0
1449383400 0 0 0 0
1449381600 0 0 0 0
1449379800 0 0 0 0
1449378000 0 0 0 0
1449376200 0 0 0 0
1449374400 0 0 0 0
1449372600 0 0 0 0
1449370800 0 0 0 0
1449369000 0 0 0 0
1449367200 0 0 0 0
1449365400 0 0 0 0
1449363600 0 0 0 0
1449361800 0 0 0 0
1449360000 0 0 0 0
1449358200 0 0 0 0
1449356400 0 0 0 0
1449354600 0 0 0 0
1449352800 0 0 0 0
1449351000 0 0 0 0
1449349200 0 0 0 0
1449347400 0 0 0 0
1449345600 0 0 0 0
1449343800 0 0 0 0
1449342000 0 0 0 0
1449340200 0 0 0 0
1449338400 0 0 0 0
1449336600 0 0 0 0
1449334800 0 0 0 0
1449333000 0 0 0 0
1449331200 0 0 0 0
1449329400 0 0 0 0
1449327600 0 0 0 0
1449325800 0 0 0 0
1449324000 0 0 0 0
1449322200 0 0 0 0
1449320400 0 0 0 0
1449318600 0 0 0 0
1449316800 0 0 0 0
1449315000 0 0 0 0
1449313200 0 0 0 0
1449311400 0 0 0 0
1449309600 0 0 0 0
1449307800 0 0 0 0
1449306000 0 0 0 0
1449304200 0 0 0 0
1449302400 0 0 0 0
1449300600 0 0 0 0
1449298800 0 0 0 0
1449297000 0 0 0 0
1449295200 0 0 0 0
1449293400 0 0 0 0
1449291600 0 0 0 0
1449289800 0 0 0 0
1449288000 0 0 0 0
1449286200 0 0 0 0
1449284400 0 0 0 0
1449282600 0 0 0 0
1449280800 0 0 0 0
1449279000 0 0 0 0
1449277200 0 0 0 0
1449275400 0 0 0 0
1449273600 0 0 0 0
1449271800 0 0 0 0
1449270000 0 0 0 0
1449268200 0 0 0 0
1449266400 0 0 0 0
1449264600 0 0 0 0
1449262800 0 0 0 0
1449261000 0 0 0 0
1449259200 0 0 0 0
1449257400 0 0 0 0
1449255600 0 0 0 0
1449253800 0 0 0 0
1449252000 0 0 0 0
1449250200 0 0 0 0
1449248400 0 0 0 0
1449246600 0 0 0 0
1449244800 0 0 0 0
1449243000 0 0 0 0
1449241200 0 0 0 0
1449239400 0 0 0 0
1449237600 0 0 0 0
1449235800 0 0 0 0
1449234000 0 0 0 0
1449232200 0 0 0 0
1449230400 0 0 0 0
1449228600 0 0 0 0
1449226800 0 0 0 0
1449225000 0 0 0 0
1449223200 0 0 0 0
1449221400 0 0 0 0
1449219600 0 0 0 0
1449217800 0 0 0 0
1449216000 0 0 0 0
1449214200 0 0 0 0
1449212400 0 0 0 0
1449210600 0 0 0 0
1449208800 0 0 0 0
1449207000 0 0 0 0
1449205200 0 0 0 0
1449203400 0 0 0 0
1449201600 0 0 0 0
1449199800 0 0 0 0
1449198000 0 0 0 0
1449196200 0 0 0 0
1449194400 0 0 0 0
1449192600 0 0 0 0
1449190800 0 0 0 0
1449189000 0 0 0 0
1449187200 0 0 0 0
1449185400 0 0 0 0
1449183600 0 0 0 0
1449181800 0 0 0 0
1449180000 0 0 0 0
1449178200 0 0 0 0
1449176400 0 0 0 0
1449174600 0 0 0 0
1449172800 0 0 0 0
1449171000 0 0 0 0
1449169200 0 0 0 0
1449165600 0 0 0 0
1449158400 0 0 0 0
1449151200 0 0 0 0
1449144000 0 0 0 0
1449136800 0 0 0 0
1449129600 0 0 0 0
1449122400 0 0 0 0
1449115200 0 0 0 0
1449108000 0 0 0 0
1449100800 0 0 0 0
1449093600 0 0 0 0
1449086400 0 0 0 0
1449079200 0 0 0 0
1449072000 0 0 0 0
1449064800 0 0 0 0
1449057600 0 0 0 0
1449050400 0 0 0 0
1449043200 0 0 0 0
1449036000 0 0 0 0
1449028800 0 0 0 0
1449021600 0 0 0 0
1449014400 0 0 0 0
1449007200 0 0 0 0
1449000000 0 0 0 0
1448992800 0 0 0 0
1448985600 0 0 0 0
1448978400 0 0 0 0
1448971200 0 0 0 0
1448964000 0 0 0 0
1448956800 0 0 0 0
1448949600 0 0 0 0
1448942400 0 0 0 0
1448935200 0 0 0 0
1448928000 0 0 0 0
1448920800 0 0 0 0
1448913600 0 0 0 0
1448906400 0 0 0 0
1448899200 0 0 0 0
1448892000 0 0 0 0
1448884800 0 0 0 0
1448877600 0 0 0 0
1448870400 0 0 0 0
1448863200 0 0 0 0
1448856000 0 0 0 0
1448848800 0 0 0 0
1448841600 0 0 0 0
1448834400 0 0 0 0
1448827200 0 0 0 0
1448820000 0 0 0 0
1448812800 0 0 0 0
1448805600 0 0 0 0
1448798400 0 0 0 0
1448791200 0 0 0 0
1448784000 0 0 0 0
1448776800 0 0 0 0
1448769600 0 0 0 0
1448762400 0 0 0 0
1448755200 0 0 0 0
1448748000 0 0 0 0
1448740800 0 0 0 0
1448733600 0 0 0 0
1448726400 0 0 0 0
1448719200 0 0 0 0
1448712000 0 0 0 0
1448704800 0 0 0 0
1448697600 0 0 0 0
1448690400 0 0 0 0
1448683200 0 0 0 0
1448676000 0 0 0 0
1448668800 0 0 0 0
1448661600 0 0 0 0
1448654400 0 0 0 0
1448647200 0 0 0 0
1448640000 0 0 0 0
1448632800 0 0 0 0
1448625600 0 0 0 0
1448618400 0 0 0 0
1448611200 0 0 0 0
1448604000 0 0 0 0
1448596800 0 0 0 0
1448589600 0 0 0 0
1448582400 0 0 0 0
1448575200 0 0 0 0
1448568000 0 0 0 0
1448560800 0 0 0 0
1448553600 0 0 0 0
1448546400 0 0 0 0
1448539200 0 0 0 0
1448532000 0 0 0 0
1448524800 0 0 0 0
1448517600 0 0 0 0
1448510400 0 0 0 0
1448503200 0 0 0 0
1448496000 0 0 0 0
1448488800 0 0 0 0
1448481600 0 0 0 0
1448474400 0 0 0 0
1448467200 0 0 0 0
1448460000 0 0 0 0
1448452800 0 0 0 0
1448445600 0 0 0 0
1448438400 0 0 0 0
1448431200 0 0 0 0
1448424000 0 0 0 0
1448416800 0 0 0 0
1448409600 0 0 0 0
1448402400 0 0 0 0
1448395200 0 0 0 0
1448388000 0 0 0 0
1448380800 0 0 0 0
1448373600 0 0 0 0
1448366400 0 0 0 0
1448359200 0 0 0 0
1448352000 0 0 0 0
1448344800 0 0 0 0
1448337600 0 0 0 0
1448330400 0 0 0 0
1448323200 0 0 0 0
1448316000 0 0 0 0
1448308800 0 0 0 0
1448301600 0 0 0 0
1448294400 0 0 0 0
1448287200 0 0 0 0
1448280000 0 0 0 0
1448272800 0 0 0 0
1448265600 0 0 0 0
1448258400 0 0 0 0
1448251200 0 0 0 0
1448244000 0 0 0 0
1448236800 0 0 0 0
1448229600 0 0 0 0
1448222400 0 0 0 0
1448215200 0 0 0 0
1448208000 0 0 0 0
1448200800 0 0 0 0
1448193600 0 0 0 0
1448186400 0 0 0 0
1448179200 0 0 0 0
1448172000 0 0 0 0
1448164800 0 0 0 0
1448157600 0 0 0 0
1448150400 0 0 0 0
1448143200 0 0 0 0
1448136000 0 0 0 0
1448128800 0 0 0 0
1448121600 0 0 0 0
1448114400 0 0 0 0
1448107200 0 0 0 0
1448100000 0 0 0 0
1448092800 0 0 0 0
1448085600 0 0 0 0
1448078400 0 0 0 0
1448071200 0 0 0 0
1448064000 0 0 0 0
1448056800 0 0 0 0
1448049600 0 0 0 0
1448042400 0 0 0 0
1448035200 0 0 0 0
1448028000 0 0 0 0
1448020800 0 0 0 0
1448013600 0 0 0 0
1448006400 0 0 0 0
1447999200 0 0 0 0
1447992000 0 0 0 0
1447984800 0 0 0 0
1447977600 0 0 0 0
1447970400 0 0 0 0
1447963200 0 0 0 0
1447956000 0 0 0 0
1447948800 0 0 0 0
1447941600 0 0 0 0
1447934400 0 0 0 0
1447927200 0 0 0 0
1447920000 0 0 0 0
1447912800 0 0 0 0
1447905600 0 0 0 0
1447898400 0 0 0 0
1447891200 0 0 0 0
1447884000 0 0 0 0
1447876800 0 0 0 0
1447869600 0 0 0 0
1447862400 0 0 0 0
1447855200 0 0 0 0
1447848000 0 0 0 0
1447840800 0 0 0 0
1447833600 0 0 0 0
1447826400 0 0 0 0
1447819200 0 0 0 0
1447812000 0 0 0 0
1447804800 0 0 0 0
1447797600 0 0 0 0
1447790400 0 0 0 0
1447783200 0 0 0 0
1447776000 0 0 0 0
1447768800 0 0 0 0
1447761600 0 0 0 0
1447754400 0 0 0 0
1447747200 0 0 0 0
1447740000 0 0 0 0
1447732800 0 0 0 0
1447725600 0 0 0 0
1447718400 0 0 0 0
1447711200 0 0 0 0
1447704000 0 0 0 0
1447696800 0 0 0 0
1447689600 0 0 0 0
1447682400 0 0 0 0
1447675200 0 0 0 0
1447668000 0 0 0 0
1447660800 0 0 0 0
1447653600 0 0 0 0
1447646400 0 0 0 0
1447639200 0 0 0 0
1447632000 0 0 0 0
1447624800 0 0 0 0
1447617600 0 0 0 0
1447610400 0 0 0 0
1447603200 0 0 0 0
1447596000 0 0 0 0
1447588800 0 0 0 0
1447581600 0 0 0 0
1447574400 0 0 0 0
1447567200 0 0 0 0
1447560000 0 0 0 0
1447552800 0 0 0 0
1447545600 0 0 0 0
1447538400 0 0 0 0
1447531200 0 0 0 0
1447524000 0 0 0 0
1447516800 0 0 0 0
1447509600 0 0 0 0
1447502400 0 0 0 0
1447495200 0 0 0 0
1447488000 0 0 0 0
1447480800 0 0 0 0
1447473600 0 0 0 0
1447466400 0 0 0 0
1447459200 0 0 0 0
1447452000 0 0 0 0
1447444800 0 0 0 0
1447437600 0 0 0 0
1447430400 0 0 0 0
1447423200 0 0 0 0
1447416000 0 0 0 0
1447408800 0 0 0 0
1447401600 0 0 0 0
1447394400 0 0 0 0
1447387200 0 0 0 0
1447380000 0 0 0 0
1447372800 0 0 0 0
1447365600 0 0 0 0
1447358400 0 0 0 0
1447351200 0 0 0 0
1447344000 0 0 0 0
1447336800 0 0 0 0
1447329600 0 0 0 0
1447322400 0 0 0 0
1447315200 0 0 0 0
1447308000 0 0 0 0
1447300800 0 0 0 0
1447293600 0 0 0 0
1447286400 0 0 0 0
1447279200 0 0 0 0
1447272000 0 0 0 0
1447264800 0 0 0 0
1447257600 0 0 0 0
1447250400 0 0 0 0
1447243200 0 0 0 0
1447236000 0 0 0 0
1447228800 0 0 0 0
1447221600 0 0 0 0
1447214400 0 0 0 0
1447207200 0 0 0 0
1447200000 0 0 0 0
1447192800 0 0 0 0
1447185600 0 0 0 0
1447178400 0 0 0 0
1447171200 0 0 0 0
1447164000 0 0 0 0
1447156800 0 0 0 0
1447149600 0 0 0 0
1447142400 0 0 0 0
1447135200 0 0 0 0
1447128000 0 0 0 0
1447120800 0 0 0 0
1447113600 0 0 0 0
1447106400 0 0 0 0
1447099200 0 0 0 0
1447092000 0 0 0 0
1447084800 0 0 0 0
1447077600 0 0 0 0
1447070400 0 0 0 0
1447063200 0 0 0 0
1447056000 0 0 0 0
1447048800 0 0 0 0
1447041600 0 0 0 0
1447034400 0 0 0 0
1447027200 0 0 0 0
1447020000 0 0 0 0
1447012800 0 0 0 0
1447005600 0 0 0 0
1446998400 0 0 0 0
1446991200 0 0 0 0
1446984000 0 0 0 0
1446976800 0 0 0 0
1446969600 0 0 0 0
1446962400 0 0 0 0
1446955200 0 0 0 0
1446948000 0 0 0 0
1446940800 0 0 0 0
1446933600 0 0 0 0
1446926400 0 0 0 0
1446919200 0 0 0 0
1446912000 0 0 0 0
1446904800 0 0 0 0
1446897600 0 0 0 0
1446890400 0 0 0 0
1446883200 0 0 0 0
1446876000 0 0 0 0
1446868800 0 0 0 0
1446861600 0 0 0 0
1446854400 0 0 0 0
1446847200 0 0 0 0
1446840000 0 0 0 0
1446832800 0 0 0 0
1446825600 0 0 0 0
1446818400 0 0 0 0
1446811200 0 0 0 0
1446804000 0 0 0 0
1446796800 0 0 0 0
1446789600 0 0 0 0
1446782400 0 0 0 0
1446775200 0 0 0 0
1446768000 0 0 0 0
1446760800 0 0 0 0
1446753600 0 0 0 0
1446746400 0 0 0 0
1446739200 0 0 0 0
1446732000 0 0 0 0
1446724800 0 0 0 0
1446717600 0 0 0 0
1446710400 0 0 0 0
1446703200 0 0 0 0
1446696000 0 0 0 0
1446688800 0 0 0 0
1446681600 0 0 0 0
1446674400 0 0 0 0
1446667200 0 0 0 0
1446660000 0 0 0 0
1446652800 0 0 0 0
1446645600 0 0 0 0
1446638400 0 0 0 0
1446631200 0 0 0 0
1446624000 0 0 0 0
1446616800 0 0 0 0
1446609600 0 0 0 0
1446602400 0 0 0 0
1446595200 0 0 0 0
1446588000 0 0 0 0
1446580800 0 0 0 0
1446573600 0 0 0 0
1446566400 0 0 0 0
1446559200 0 0 0 0
1446552000 0 0 0 0
1446544800 0 0 0 0
1446537600 0 0 0 0
1446530400 0 0 0 0
1446523200 0 0 0 0
1446516000 0 0 0 0
1446508800 0 0 0 0
1446501600 0 0 0 0
1446494400 0 0 0 0
1446487200 0 0 0 0
1446480000 0 0 0 0
1446472800 0 0 0 0
1446465600 0 0 0 0
1446458400 0 0 0 0
1446451200 0 0 0 0
1446444000 0 0 0 0
1446436800 0 0 0 0
1446429600 0 0 0 0
1446422400 0 0 0 0
1446415200 0 0 0 0
1446408000 0 0 0 0
1446400800 0 0 0 0
1446393600 0 0 0 0
1446386400 0 0 0 0
1446379200 0 0 0 0
1446372000 0 0 0 0
1446364800 0 0 0 0
1446357600 0 0 0 0
1446350400 0 0 0 0
1446343200 0 0 0 0
1446336000 0 0 0 0
1446328800 0 0 0 0
1446321600 0 0 0 0
1446314400 0 0 0 0
1446307200 0 0 0 0
1446300000 0 0 0 0
1446292800 0 0 0 0
1446285600 0 0 0 0
1446278400 0 0 0 0
1446271200 0 0 0 0
1446264000 0 0 0 0
1446256800 0 0 0 0
1446249600 0 0 0 0
1446242400 0 0 0 0
1446235200 0 0 0 0
1446228000 0 0 0 0
1446220800 0 0 0 0
1446213600 0 0 0 0
1446206400 0 0 0 0
1446199200 0 0 0 0
1446192000 0 0 0 0
1446184800 0 0 0 0
1446177600 0 0 0 0
1446170400 0 0 0 0
1446163200 0 0 0 0
1446156000 0 0 0 0
1446148800 0 0 0 0
1446141600 0 0 0 0
1446134400 0 0 0 0
1446127200 0 0 0 0
1446120000 0 0 0 0
1446112800 0 0 0 0
1446105600 0 0 0 0
1446098400 0 0 0 0
1446091200 0 0 0 0
1446084000 0 0 0 0
1446076800 0 0 0 0
1446069600 0 0 0 0
1446062400 0 0 0 0
1446055200 0 0 0 0
1446048000 0 0 0 0
1446040800 0 0 0 0
1446033600 0 0 0 0
1446026400 0 0 0 0
1446019200 0 0 0 0
1446012000 0 0 0 0
1446004800 0 0 0 0
1445997600 0 0 0 0
1445990400 0 0 0 0
1445983200 0 0 0 0
1445976000 0 0 0 0
1445968800 0 0 0 0
1445961600 0 0 0 0
1445954400 0 0 0 0
1445947200 0 0 0 0
1445940000 0 0 0 0
1445932800 0 0 0 0
1445925600 0 0 0 0
1445918400 0 0 0 0
1445911200 0 0 0 0
1445904000 0 0 0 0
1445896800 0 0 0 0
1445889600 0 0 0 0
1445882400 0 0 0 0
1445875200 0 0 0 0
1445868000 0 0 0 0
1445860800 0 0 0 0
1445853600 0 0 0 0
1445846400 0 0 0 0
1445839200 0 0 0 0
1445832000 0 0 0 0
1445824800 0 0 0 0
1445817600 0 0 0 0
1445810400 0 0 0 0
1445803200 0 0 0 0
1445796000 0 0 0 0
1445788800 0 0 0 0
1445781600 0 0 0 0
1445774400 0 0 0 0
1445767200 0 0 0 0
1445760000 0 0 0 0
1445752800 0 0 0 0
1445745600 0 0 0 0
1445738400 0 0 0 0
1445731200 0 0 0 0
1445724000 0 0 0 0
1445716800 0 0 0 0
1445709600 0 0 0 0
1445702400 0 0 0 0
1445695200 0 0 0 0
1445688000 0 0 0 0
1445680800 0 0 0 0
1445673600 0 0 0 0
1445666400 0 0 0 0
1445659200 0 0 0 0
1445652000 0 0 0 0
1445644800 0 0 0 0
1445637600 0 0 0 0
1445630400 0 0 0 0
1445623200 0 0 0 0
1445616000 0 0 0 0
1445608800 0 0 0 0
1445601600 0 0 0 0
1445594400 0 0 0 0
1445587200 0 0 0 0
1445580000 0 0 0 0
1445572800 0 0 0 0
1445565600 0 0 0 0
1445558400 0 0 0 0
1445551200 0 0 0 0
1445544000 0 0 0 0
1445536800 0 0 0 0
1445529600 0 0 0 0
1445522400 0 0 0 0
1445515200 0 0 0 0
1445508000 0 0 0 0
1445500800 0 0 0 0
1445493600 0 0 0 0
1445486400 0 0 0 0
1445479200 0 0 0 0
1445472000 0 0 0 0
1445464800 0 0 0 0
1445457600 0 0 0 0
1445450400 0 0 0 0
1445443200 0 0 0 0
1445436000 0 0 0 0
1445428800 0 0 0 0
1445421600 0 0 0 0
1445414400 0 0 0 0
1445407200 0 0 0 0
1445400000 0 0 0 0
1445392800 0 0 0 0
1445385600 0 0 0 0
1445378400 0 0 0 0
1445371200 0 0 0 0
1445364000 0 0 0 0
1445356800 0 0 0 0
1445349600 0 0 0 0
1445342400 0 0 0 0
1445335200 0 0 0 0
1445328000 0 0 0 0
1445320800 0 0 0 0
1445313600 0 0 0 0
1445306400 0 0 0 0
1445299200 0 0 0 0
1445292000 0 0 0 0
1445284800 0 0 0 0
1445277600 0 0 0 0
1445270400 0 0 0 0
1445263200 0 0 0 0
1445256000 0 0 0 0
1445248800 0 0 0 0
1445241600 0 0 0 0
1445234400 0 0 0 0
1445227200 0 0 0 0
1445220000 0 0 0 0
1445212800 0 0 0 0
1445205600 0 0 0 0
1445198400 0 0 0 0
1445191200 0 0 0 0
1445184000 0 0 0 0
1445176800 0 0 0 0
1445169600 0 0 0 0
1445162400 0 0 0 0
1445155200 0 0 0 0
1445148000 0 0 0 0
1445140800 0 0 0 0
1445133600 0 0 0 0
1445126400 0 0 0 0
1445119200 0 0 0 0
1445112000 0 0 0 0
1445104800 0 0 0 0
1445097600 0 0 0 0
1445090400 0 0 0 0
1445083200 0 0 0 0
1445076000 0 0 0 0
1445068800 0 0 0 0
1445061600 0 0 0 0
1445054400 0 0 0 0
1445047200 0 0 0 0
1445040000 0 0 0 0
1445032800 0 0 0 0
1445025600 0 0 0 0
1445018400 0 0 0 0
1445011200 0 0 0 0
1445004000 0 0 0 0
1444996800 0 0 0 0
1444989600 0 0 0 0
1444982400 0 0 0 0
1444975200 0 0 0 0
1444968000 0 0 0 0
1444960800 0 0 0 0
1444953600 0 0 0 0
1444946400 0 0 0 0
1444939200 0 0 0 0
1444932000 0 0 0 0
1444924800 0 0 0 0
1444917600 0 0 0 0
1444910400 0 0 0 0
1444903200 0 0 0 0
1444896000 0 0 0 0
1444888800 0 0 0 0
1444881600 0 0 0 0
1444874400 0 0 0 0
1444867200 0 0 0 0
1444860000 0 0 0 0
1444852800 0 0 0 0
1444845600 0 0 0 0
1444780800 0 0 0 0
1444694400 0 0 0 0
1444608000 0 0 0 0
1444521600 0 0 0 0
1444435200 0 0 0 0
1444348800 0 0 0 0
1444262400 0 0 0 0
1444176000 0 0 0 0
1444089600 0 0 0 0
1444003200 0 0 0 0
1443916800 0 0 0 0
1443830400 0 0 0 0
1443744000 0 0 0 0
1443657600 0 0 0 0
1443571200 0 0 0 0
1443484800 0 0 0 0
1443398400 0 0 0 0
1443312000 0 0 0 0
1443225600 0 0 0 0
1443139200 0 0 0 0
1443052800 0 0 0 0
1442966400 0 0 0 0
1442880000 0 0 0 0
1442793600 0 0 0 0
1442707200 0 0 0 0
1442620800 0 0 0 0
1442534400 0 0 0 0
1442448000 0 0 0 0
1442361600 0 0 0 0
1442275200 0 0 0 0
1442188800 0 0 0 0
1442102400 0 0 0 0
1442016000 0 0 0 0
1441929600 0 0 0 0
1441843200 0 0 0 0
1441756800 0 0 0 0
1441670400 0 0 0 0
1441584000 0 0 0 0
1441497600 0 0 0 0
1441411200 0 0 0 0
1441324800 0 0 0 0
1441238400 0 0 0 0
1441152000 0 0 0 0
1441065600 0 0 0 0
1440979200 0 0 0 0
1440892800 0 0 0 0
1440806400 0 0 0 0
1440720000 0 0 0 0
1440633600 0 0 0 0
1440547200 0 0 0 0
1440460800 0 0 0 0
1440374400 0 0 0 0
1440288000 0 0 0 0
1440201600 0 0 0 0
1440115200 0 0 0 0
1440028800 0 0 0 0
1439942400 0 0 0 0
1439856000 0 0 0 0
1439769600 0 0 0 0
1439683200 0 0 0 0
1439596800 0 0 0 0
1439510400 0 0 0 0
1439424000 0 0 0 0
1439337600 0 0 0 0
1439251200 0 0 0 0
1439164800 0 0 0 0
1439078400 0 0 0 0
1438992000 0 0 0 0
1438905600 0 0 0 0
1438819200 0 0 0 0
1438732800 0 0 0 0
1438646400 0 0 0 0
1438560000 0 0 0 0
1438473600 0 0 0 0
1438387200 0 0 0 0
1438300800 0 0 0 0
1438214400 0 0 0 0
1438128000 0 0 0 0
1438041600 0 0 0 0
1437955200 0 0 0 0
1437868800 0 0 0 0
1437782400 0 0 0 0
1437696000 0 0 0 0
1437609600 0 0 0 0
1437523200 0 0 0 0
1437436800 0 0 0 0
1437350400 0 0 0 0
1437264000 0 0 0 0
1437177600 0 0 0 0
1437091200 0 0 0 0
1437004800 0 0 0 0
1436918400 0 0 0 0
1436832000 0 0 0 0
1436745600 0 0 0 0
1436659200 0 0 0 0
1436572800 0 0 0 0
1436486400 0 0 0 0
1436400000 0 0 0 0
1436313600 0 0 0 0
1436227200 0 0 0 0
1436140800 0 0 0 0
1436054400 0 0 0 0
1435968000 0 0 0 0
1435881600 0 0 0 0
1435795200 0 0 0 0
1435708800 0 0 0 0
1435622400 0 0 0 0
1435536000 0 0 0 0
1435449600 0 0 0 0
1435363200 0 0 0 0
1435276800 0 0 0 0
1435190400 0 0 0 0
1435104000 0 0 0 0
1435017600 0 0 0 0
1434931200 0 0 0 0
1434844800 0 0 0 0
1434758400 0 0 0 0
1434672000 0 0 0 0
1434585600 0 0 0 0
1434499200 0 0 0 0
1434412800 0 0 0 0
1434326400 0 0 0 0
1434240000 0 0 0 0
1434153600 0 0 0 0
1434067200 0 0 0 0
1433980800 0 0 0 0
1433894400 0 0 0 0
1433808000 0 0 0 0
1433721600 0 0 0 0
1433635200 0 0 0 0
1433548800 0 0 0 0
1433462400 0 0 0 0
1433376000 0 0 0 0
1433289600 0 0 0 0
1433203200 0 0 0 0
1433116800 0 0 0 0
1433030400 0 0 0 0
1432944000 0 0 0 0
1432857600 0 0 0 0
1432771200 0 0 0 0
1432684800 0 0 0 0
1432598400 0 0 0 0
1432512000 0 0 0 0
1432425600 0 0 0 0
1432339200 0 0 0 0
1432252800 0 0 0 0
1432166400 0 0 0 0
1432080000 0 0 0 0
1431993600 0 0 0 0
1431907200 0 0 0 0
1431820800 0 0 0 0
1431734400 0 0 0 0
1431648000 0 0 0 0
1431561600 0 0 0 0
1431475200 0 0 0 0
1431388800 0 0 0 0
1431302400 0 0 0 0
1431216000 0 0 0 0
1431129600 0 0 0 0
1431043200 0 0 0 0
1430956800 0 0 0 0
1430870400 0 0 0 0
1430784000 0 0 0 0
1430697600 0 0 0 0
1430611200 0 0 0 0
1430524800 0 0 0 0
1430438400 0 0 0 0
1430352000 0 0 0 0
1430265600 0 0 0 0
1430179200 0 0 0 0
1430092800 0 0 0 0
1430006400 0 0 0 0
1429920000 0 0 0 0
1429833600 0 0 0 0
1429747200 0 0 0 0
1429660800 0 0 0 0
1429574400 0 0 0 0
1429488000 0 0 0 0
1429401600 0 0 0 0
1429315200 0 0 0 0
1429228800 0 0 0 0
1429142400 0 0 0 0
1429056000 0 0 0 0
1428969600 0 0 0 0
1428883200 0 0 0 0
1428796800 0 0 0 0
1428710400 0 0 0 0
1428624000 0 0 0 0
1428537600 0 0 0 0
1428451200 0 0 0 0
1428364800 0 0 0 0
1428278400 0 0 0 0
1428192000 0 0 0 0
1428105600 0 0 0 0
1428019200 0 0 0 0
1427932800 0 0 0 0
1427846400 0 0 0 0
1427760000 0 0 0 0
1427673600 0 0 0 0
1427587200 0 0 0 0
1427500800 0 0 0 0
1427414400 0 0 0 0
1427328000 0 0 0 0
1427241600 0 0 0 0
1427155200 0 0 0 0
1427068800 0 0 0 0
1426982400 0 0 0 0
1426896000 0 0 0 0
1426809600 0 0 0 0
1426723200 0 0 0 0
1426636800 0 0 0 0
1426550400 0 0 0 0
1426464000 0 0 0 0
1426377600 0 0 0 0
1426291200 0 0 0 0
1426204800 0 0 0 0
1426118400 0 0 0 0
1426032000 0 0 0 0
1425945600 0 0 0 0
1425859200 0 0 0 0
1425772800 0 0 0 0
1425686400 0 0 0 0
1425600000 0 0 0 0
1425513600 0 0 0 0
1425427200 0 0 0 0
1425340800 0 0 0 0
1425254400 0 0 0 0
1425168000 0 0 0 0
1425081600 0 0 0 0
1424995200 0 0 0 0
1424908800 0 0 0 0
1424822400 0 0 0 0
1424736000 0 0 0 0
1424649600 0 0 0 0
1424563200 0 0 0 0
1424476800 0 0 0 0
1424390400 0 0 0 0
1424304000 0 0 0 0
1424217600 0 0 0 0
1424131200 0 0 0 0
1424044800 0 0 0 0
1423958400 0 0 0 0
1423872000 0 0 0 0
1423785600 0 0 0 0
1423699200 0 0 0 0
1423612800 0 0 0 0
1423526400 0 0 0 0
1423440000 0 0 0 0
1423353600 0 0 0 0
1423267200 0 0 0 0
1423180800 0 0 0 0
1423094400 0 0 0 0
1423008000 0 0 0 0
1422921600 0 0 0 0
1422835200 0 0 0 0
1422748800 0 0 0 0
1422662400 0 0 0 0
1422576000 0 0 0 0
1422489600 0 0 0 0
1422403200 0 0 0 0
1422316800 0 0 0 0
1422230400 0 0 0 0
1422144000 0 0 0 0
1422057600 0 0 0 0
1421971200 0 0 0 0
1421884800 0 0 0 0
1421798400 0 0 0 0
1421712000 0 0 0 0
1421625600 0 0 0 0
1421539200 0 0 0 0
1421452800 0 0 0 0
1421366400 0 0 0 0
1421280000 0 0 0 0
1421193600 0 0 0 0
1421107200 0 0 0 0
1421020800 0 0 0 0
1420934400 0 0 0 0
1420848000 0 0 0 0
1420761600 0 0 0 0
1420675200 0 0 0 0
1420588800 0 0 0 0
1420502400 0 0 0 0
1420416000 0 0 0 0
1420329600 0 0 0 0
1420243200 0 0 0 0
1420156800 0 0 0 0
1420070400 0 0 0 0
1419984000 0 0 0 0
1419897600 0 0 0 0
1419811200 0 0 0 0
1419724800 0 0 0 0
1419638400 0 0 0 0
1419552000 0 0 0 0
1419465600 0 0 0 0
1419379200 0 0 0 0
1419292800 0 0 0 0
1419206400 0 0 0 0
1419120000 0 0 0 0
1419033600 0 0 0 0
1418947200 0 0 0 0
1418860800 0 0 0 0
1418774400 0 0 0 0
1418688000 0 0 0 0
1418601600 0 0 0 0
1418515200 0 0 0 0
1418428800 0 0 0 0
1418342400 0 0 0 0
1418256000 0 0 0 0
1418169600 0 0 0 0
1418083200 0 0 0 0
1417996800 0 0 0 0
1417910400 0 0 0 0
1417824000 0 0 0 0
1417737600 0 0 0 0
1417651200 0 0 0 0
1417564800 0 0 0 0
1417478400 0 0 0 0
1417392000 0 0 0 0
1417305600 0 0 0 0
1417219200 0 0 0 0
1417132800 0 0 0 0
1417046400 0 0 0 0
1416960000 0 0 0 0
1416873600 0 0 0 0
1416787200 0 0 0 0
1416700800 0 0 0 0
1416614400 0 0 0 0
1416528000 0 0 0 0
1416441600 0 0 0 0
1416355200 0 0 0 0
1416268800 0 0 0 0
1416182400 0 0 0 0
1416096000 0 0 0 0
1416009600 0 0 0 0
1415923200 0 0 0 0
1415836800 0 0 0 0
1415750400 0 0 0 0
1415664000 0 0 0 0
1415577600 0 0 0 0
1415491200 0 0 0 0
1415404800 0 0 0 0
1415318400 0 0 0 0
1415232000 0 0 0 0
1415145600 0 0 0 0
1415059200 0 0 0 0
1414972800 0 0 0 0
1414886400 0 0 0 0
1414800000 0 0 0 0
1414713600 0 0 0 0
1414627200 0 0 0 0
1414540800 0 0 0 0
1414454400 0 0 0 0
1414368000 0 0 0 0
1414281600 0 0 0 0
1414195200 0 0 0 0
1414108800 0 0 0 0
1414022400 0 0 0 0
1413936000 0 0 0 0
1413849600 0 0 0 0
1413763200 0 0 0 0
1413676800 0 0 0 0
1413590400 0 0 0 0
1413504000 0 0 0 0
1413417600 0 0 0 0
1413331200 0 0 0 0
1413244800 0 0 0 0
1413158400 0 0 0 0
1413072000 0 0 0 0
1412985600 0 0 0 0
1412899200 0 0 0 0
1412812800 0 0 0 0
1412726400 0 0 0 0
1412640000 0 0 0 0
1412553600 0 0 0 0
1412467200 0 0 0 0
1412380800 0 0 0 0
1412294400 0 0 0 0
1412208000 0 0 0 0
1412121600 0 0 0 0
1412035200 0 0 0 0
1411948800 0 0 0 0
1411862400 0 0 0 0
1411776000 0 0 0 0
1411689600 0 0 0 0
1411603200 0 0 0 0
1411516800 0 0 0 0
1411430400 0 0 0 0
1411344000 0 0 0 0
1411257600 0 0 0 0
1411171200 0 0 0 0
1411084800 0 0 0 0
1410998400 0 0 0 0
1410912000 0 0 0 0
1410825600 0 0 0 0
1410739200 0 0 0 0
1410652800 0 0 0 0
1410566400 0 0 0 0
1410480000 0 0 0 0
1410393600 0 0 0 0
1410307200 0 0 0 0
1410220800 0 0 0 0
1410134400 0 0 0 0
1410048000 0 0 0 0
1409961600 0 0 0 0
1409875200 0 0 0 0
1409788800 0 0 0 0
1409702400 0 0 0 0
1409616000 0 0 0 0
1409529600 0 0 0 0
1409443200 0 0 0 0
1409356800 0 0 0 0
1409270400 0 0 0 0
1409184000 0 0 0 0
1409097600 0 0 0 0
1409011200 0 0 0 0
1408924800 0 0 0 0
1408838400 0 0 0 0
1408752000 0 0 0 0
1408665600 0 0 0 0
1408579200 0 0 0 0
1408492800 0 0 0 0
1408406400 0 0 0 0
1408320000 0 0 0 0
1408233600 0 0 0 0
1408147200 0 0 0 0
1408060800 0 0 0 0
1407974400 0 0 0 0
1407888000 0 0 0 0
1407801600 0 0 0 0
1407715200 0 0 0 0
1407628800 0 0 0 0
1407542400 0 0 0 0
1407456000 0 0 0 0
1407369600 0 0 0 0
1407283200 0 0 0 0
1407196800 0 0 0 0
1407110400 0 0 0 0
1407024000 0 0 0 0
1406937600 0 0 0 0
1406851200 0 0 0 0
1406764800 0 0 0 0
1406678400 0 0 0 0
1406592000 0 0 0 0
1406505600 0 0 0 0
1406419200 0 0 0 0
1406332800 0 0 0 0
1406246400 0 0 0 0
1406160000 0 0 0 0
1406073600 0 0 0 0
1405987200 0 0 0 0
1405900800 0 0 0 0
1405814400 0 0 0 0
1405728000 0 0 0 0
1405641600 0 0 0 0
1405555200 0 0 0 0
1405468800 0 0 0 0
1405382400 0 0 0 0
1405296000 0 0 0 0
1405209600 0 0 0 0
1405123200 0 0 0 0
1405036800 0 0 0 0
1404950400 0 0 0 0
1404864000 0 0 0 0
1404777600 0 0 0 0
1404691200 0 0 0 0
1404604800 0 0 0 0
1404518400 0 0 0 0
1404432000 0 0 0 0
1404345600 0 0 0 0
1404259200 0 0 0 0
1404172800 0 0 0 0
1404086400 0 0 0 0
1404000000 0 0 0 0
1403913600 0 0 0 0
1403827200 0 0 0 0
1403740800 0 0 0 0
1403654400 0 0 0 0
1403568000 0 0 0 0
1403481600 0 0 0 0
1403395200 0 0 0 0
1403308800 0 0 0 0
1403222400 0 0 0 0
1403136000 0 0 0 0
1403049600 0 0 0 0
1402963200 0 0 0 0
1402876800 0 0 0 0
1402790400 0 0 0 0
1402704000 0 0 0 0
1402617600 0 0 0 0
1402531200 0 0 0 0
1402444800 0 0 0 0
1402358400 0 0 0 0
1402272000 0 0 0 0
1402185600 0 0 0 0
1402099200 0 0 0 0
1402012800 0 0 0 0
1401926400 0 0 0 0
1401840000 0 0 0 0
1401753600 0 0 0 0
1401667200 0 0 0 0
1401580800 0 0 0 0
1401494400 0 0 0 0
1401408000 0 0 0 0
1401321600 0 0 0 0
1401235200 0 0 0 0
1401148800 0 0 0 0
1401062400 0 0 0 0
1400976000 0 0 0 0
1400889600 0 0 0 0
1400803200 0 0 0 0
1400716800 0 0 0 0
1400630400 0 0 0 0
1400544000 0 0 0 0
1400457600 0 0 0 0
1400371200 0 0 0 0
1400284800 0 0 0 0
1400198400 0 0 0 0
1400112000 0 0 0 0
1400025600 0 0 0 0
1399939200 0 0 0 0
1399852800 0 0 0 0
1399766400 0 0 0 0
1399680000 0 0 0 0
1399593600 0 0 0 0
1399507200 0 0 0 0
1399420800 0 0 0 0
1399334400 0 0 0 0
1399248000 0 0 0 0
1399161600 0 0 0 0
1399075200 0 0 0 0
1398988800 0 0 0 0
1398902400 0 0 0 0
1398816000 0 0 0 0
1398729600 0 0 0 0
1398643200 0 0 0 0
1398556800 0 0 0 0
1398470400 0 0 0 0
1398384000 0 0 0 0
1398297600 0 0 0 0
1398211200 0 0 0 0
1398124800 0 0 0 0
1398038400 0 0 0 0
1397952000 0 0 0 0
1397865600 0 0 0 0
1397779200 0 0 0 0
1397692800 0 0 0 0
1397606400 0 0 0 0
1397520000 0 0 0 0
1397433600 0 0 0 0
1397347200 0 0 0 0
1397260800 0 0 0 0
1397174400 0 0 0 0
1397088000 0 0 0 0
1397001600 0 0 0 0
1396915200 0 0 0 0
1396828800 0 0 0 0
1396742400 0 0 0 0
1396656000 0 0 0 0
1396569600 0 0 0 0
1396483200 0 0 0 0
1396396800 0 0 0 0
1396310400 0 0 0 0
1396224000 0 0 0 0
1396137600 0 0 0 0
1396051200 0 0 0 0
1395964800 0 0 0 0
1395878400 0 0 0 0
1395792000 0 0 0 0
1395705600 0 0 0 0
1395619200 0 0 0 0
1395532800 0 0 0 0
1395446400 0 0 0 0
1395360000 0 0 0 0
1395273600 0 0 0 0
1395187200 0 0 0 0
1395100800 0 0 0 0
1395014400 0 0 0 0
1394928000 0 0 0 0
1394841600 0 0 0 0
1394755200 0 0 0 0
1394668800 0 0 0 0
1394582400 0 0 0 0
1394496000 0 0 0 0
1394409600 0 0 0 0
1394323200 0 0 0 0
1394236800 0 0 0 0
1394150400 0 0 0 0
1394064000 0 0 0 0
1393977600 0 0 0 0
1393891200 0 0 0 0
1393804800 0 0 0 0
1393718400 0 0 0 0
1393632000 0 0 0 0
1393545600 0 0 0 0
1393459200 0 0 0 0
1393372800 0 0 0 0
1393286400 0 0 0 0
1393200000 0 0 0 0
1393113600 0 0 0 0
1393027200 0 0 0 0
1392940800 0 0 0 0
1392854400 0 0 0 0
1392768000 0 0 0 0
1392681600 0 0 0 0
1392595200 0 0 0 0
1392508800 0 0 0 0
1392422400 0 0 0 0
1392336000 0 0 0 0
1392249600 0 0 0 0
1392163200 0 0 0 0
1392076800 0 0 0 0
1391990400 0 0 0 0
1391904000 0 0 0 0
1391817600 0 0 0 0
1391731200 0 0 0 0
1391644800 0 0 0 0
1391558400 0 0 0 0
1391472000 0 0 0 0
1391385600 0 0 0 0
1391299200 0 0 0 0
1391212800 0 0 0 0
1391126400 0 0 0 0
1391040000 0 0 0 0
1390953600 0 0 0 0
1390867200 0 0 0 0
1390780800 0 0 0 0
1390694400 0 0 0 0
1390608000 0 0 0 0
1390521600 0 0 0 0
1390435200 0 0 0 0
1390348800 0 0 0 0
1390262400 0 0 0 0
1390176000 0 0 0 0
1390089600 0 0 0 0
1390003200 0 0 0 0
1389916800 0 0 0 0
1389830400 0 0 0 0
1389744000 0 0 0 0
1389657600 0 0 0 0
1389571200 0 0 0 0
1389484800 0 0 0 0
1389398400 0 0 0 0
1389312000 0 0 0 0
1389225600 0 0 0 0
1389139200 0 0 0 0
1389052800 0 0 0 0
1388966400 0 0 0 0
1388880000 0 0 0 0
1388793600 0 0 0 0
1388707200 0 0 0 0
1388620800 0 0 0 0
1388534400 0 0 0 0
1388448000 0 0 0 0
1388361600 0 0 0 0
1388275200 0 0 0 0
1388188800 0 0 0 0
1388102400 0 0 0 0
1388016000 0 0 0 0
1387929600 0 0 0 0
1387843200 0 0 0 0
1387756800 0 0 0 0
1387670400 0 0 0 0
1387584000 0 0 0 0
1387497600 0 0 0 0
1387411200 0 0 0 0
1387324800 0 0 0 0
1387238400 0 0 0 0
1387152000 0 0 0 0
1387065600 0 0 0 0
1386979200 0 0 0 0
1386892800 0 0 0 0
1386806400 0 0 0 0
1386720000 0 0 0 0
1386633600 0 0 0 0
1386547200 0 0 0 0
1386460800 0 0 0 0
1386374400 0 0 0 0
1386288000 0 0 0 0
1386201600 0 0 0 0
1386115200 0 0 0 0
1386028800 0 0 0 0
1385942400 0 0 0 0
1385856000 0 0 0 0
1385769600 0 0 0 0
1385683200 0 0 0 0
1385596800 0 0 0 0
1385510400 0 0 0 0
1385424000 0 0 0 0
1385337600 0 0 0 0
1385251200 0 0 0 0
1385164800 0 0 0 0
1385078400 0 0 0 0
1384992000 0 0 0 0
1384905600 0 0 0 0
1384819200 0 0 0 0
1384732800 0 0 0 0
1384646400 0 0 0 0
1384560000 0 0 0 0
1384473600 0 0 0 0
1384387200 0 0 0 0
1384300800 0 0 0 0
1384214400 0 0 0 0
1384128000 0 0 0 0
1384041600 0 0 0 0
1383955200 0 0 0 0
1383868800 0 0 0 0
1383782400 0 0 0 0
1383696000 0 0 0 0
1383609600 0 0 0 0
1383523200 0 0 0 0
1383436800 0 0 0 0
1383350400 0 0 0 0
1383264000 0 0 0 0
1383177600 0 0 0 0
1383091200 0 0 0 0
1383004800 0 0 0 0
1382918400 0 0 0 0
1382832000 0 0 0 0
1382745600 0 0 0 0
1382659200 0 0 0 0
1382572800 0 0 0 0
1382486400 0 0 0 0
1382400000 0 0 0 0
1382313600 0 0 0 0
1382227200 0 0 0 0
1382140800 0 0 0 0
1382054400 0 0 0 0
1381968000 0 0 0 0
1381881600 0 0 0 0
1381795200 0 0 0 0
1381708800 0 0 0 0
1381622400 0 0 0 0
