New trap received: Mon Dec 28 23:56:51 2015 for 
HOST: Localhost
IP: 110.2.3.4
STATUS: 2
FQDN: MANN
----------------------------------------------------------------------
New trap received: Mon Dec 28 23:56:52 2015 for 
HOST: Localhost
IP: 110.2.3.4
STATUS: 2
FQDN: MANN
----------------------------------------------------------------------
New trap received: Mon Dec 28 23:56:52 2015 for 
HOST: Localhost
IP: 110.2.3.4
STATUS: 2
FQDN: MANN
----------------------------------------------------------------------
New trap received: Mon Dec 28 23:56:53 2015 for 
HOST: Localhost
IP: 110.2.3.4
STATUS: 2
FQDN: MANN
----------------------------------------------------------------------
New trap received: Mon Dec 28 23:56:53 2015 for 
HOST: Localhost
IP: 110.2.3.4
STATUS: 2
FQDN: MANN
----------------------------------------------------------------------
New trap received: Mon Dec 28 23:56:53 2015 for 
HOST: Localhost
IP: 110.2.3.4
STATUS: 2
FQDN: MANN
----------------------------------------------------------------------
New trap received: Mon Dec 28 23:57:40 2015 for 
HOST: Localhost
IP: 110.2.3.4
STATUS: 2
FQDN: MANN
----------------------------------------------------------------------
New trap received: Mon Dec 28 23:57:49 2015 for 
HOST: Localhost
IP: 10.2.3.4
STATUS: 2
FQDN: TUM
----------------------------------------------------------------------
New trap received: Mon Dec 28 23:57:49 2015 for 
HOST: Localhost
IP: 10.2.3.4
STATUS: 2
FQDN: TUM
----------------------------------------------------------------------
New trap received: Mon Dec 28 23:57:50 2015 for 
HOST: Localhost
IP: 10.2.3.4
STATUS: 2
FQDN: TUM
----------------------------------------------------------------------
New trap received: Mon Dec 28 23:57:50 2015 for 
HOST: Localhost
IP: 10.2.3.4
STATUS: 2
FQDN: TUM
----------------------------------------------------------------------
New trap received: Mon Dec 28 23:57:51 2015 for 
HOST: Localhost
IP: 10.2.3.4
STATUS: 2
FQDN: TUM
----------------------------------------------------------------------
New trap received: Mon Dec 28 23:57:51 2015 for 
HOST: Localhost
IP: 10.2.3.4
STATUS: 2
FQDN: TUM
----------------------------------------------------------------------
New trap received: Mon Dec 28 23:57:52 2015 for 
HOST: Localhost
IP: 10.2.3.4
STATUS: 2
FQDN: TUM
----------------------------------------------------------------------
New trap received: Mon Dec 28 23:57:52 2015 for 
HOST: Localhost
IP: 10.2.3.4
STATUS: 2
FQDN: TUM
----------------------------------------------------------------------
New trap received: Mon Dec 28 23:57:52 2015 for 
HOST: Localhost
IP: 10.2.3.4
STATUS: 2
FQDN: TUM
----------------------------------------------------------------------
New trap received: Mon Dec 28 23:57:53 2015 for 
HOST: Localhost
IP: 10.2.3.4
STATUS: 2
FQDN: TUM
----------------------------------------------------------------------
New trap received: Mon Dec 28 23:57:53 2015 for 
HOST: Localhost
IP: 10.2.3.4
STATUS: 2
FQDN: TUM
----------------------------------------------------------------------
New trap received: Mon Dec 28 23:57:54 2015 for 
HOST: Localhost
IP: 10.2.3.4
STATUS: 2
FQDN: TUM
----------------------------------------------------------------------
New trap received: Mon Dec 28 23:57:54 2015 for 
HOST: Localhost
IP: 10.2.3.4
STATUS: 2
FQDN: TUM
----------------------------------------------------------------------
New trap received: Mon Dec 28 23:57:55 2015 for 
HOST: Localhost
IP: 10.2.3.4
STATUS: 2
FQDN: TUM
----------------------------------------------------------------------
New trap received: Mon Dec 28 23:57:55 2015 for 
HOST: Localhost
IP: 10.2.3.4
STATUS: 2
FQDN: TUM
----------------------------------------------------------------------
New trap received: Mon Dec 28 23:57:55 2015 for 
HOST: Localhost
IP: 10.2.3.4
STATUS: 2
FQDN: TUM
----------------------------------------------------------------------
New trap received: Mon Dec 28 23:57:56 2015 for 
HOST: Localhost
IP: 10.2.3.4
STATUS: 2
FQDN: TUM
----------------------------------------------------------------------
New trap received: Mon Dec 28 23:57:56 2015 for 
HOST: Localhost
IP: 10.2.3.4
STATUS: 2
FQDN: TUM
----------------------------------------------------------------------
New trap received: Mon Dec 28 23:57:57 2015 for 
HOST: Localhost
IP: 10.2.3.4
STATUS: 2
FQDN: TUM
----------------------------------------------------------------------
New trap received: Mon Dec 28 23:57:57 2015 for 
HOST: Localhost
IP: 10.2.3.4
STATUS: 2
FQDN: TUM
----------------------------------------------------------------------
New trap received: Mon Dec 28 23:57:57 2015 for 
HOST: Localhost
IP: 10.2.3.4
STATUS: 2
FQDN: TUM
----------------------------------------------------------------------
New trap received: Mon Dec 28 23:57:58 2015 for 
HOST: Localhost
IP: 10.2.3.4
STATUS: 2
FQDN: TUM
----------------------------------------------------------------------
New trap received: Mon Dec 28 23:57:58 2015 for 
HOST: Localhost
IP: 10.2.3.4
STATUS: 2
FQDN: TUM
----------------------------------------------------------------------
New trap received: Mon Dec 28 23:57:59 2015 for 
HOST: Localhost
IP: 10.2.3.4
STATUS: 2
FQDN: TUM
----------------------------------------------------------------------
New trap received: Mon Dec 28 23:57:59 2015 for 
HOST: Localhost
IP: 10.2.3.4
STATUS: 2
FQDN: TUM
----------------------------------------------------------------------
New trap received: Mon Dec 28 23:57:59 2015 for 
HOST: Localhost
IP: 10.2.3.4
STATUS: 2
FQDN: TUM
----------------------------------------------------------------------
New trap received: Mon Dec 28 23:58:00 2015 for 
HOST: Localhost
IP: 10.2.3.4
STATUS: 2
FQDN: TUM
----------------------------------------------------------------------
New trap received: Mon Dec 28 23:58:00 2015 for 
HOST: Localhost
IP: 10.2.3.4
STATUS: 2
FQDN: TUM
----------------------------------------------------------------------

New trap received: Tue Dec 29 00:03:54 2015 for 
HOST: Localhost
IP: 10.2.3.4
STATUS: 2
FQDN: TUM_SATH_HO
----------------------------------------------------------------------
New trap received: Tue Dec 29 00:03:55 2015 for 
HOST: Localhost
IP: 10.2.3.4
STATUS: 2
FQDN: TUM_SATH_HO
----------------------------------------------------------------------
New trap received: Tue Dec 29 00:03:55 2015 for 
HOST: Localhost
IP: 10.2.3.4
STATUS: 2
FQDN: TUM_SATH_HO
----------------------------------------------------------------------
New trap received: Tue Dec 29 00:03:56 2015 for 
HOST: Localhost
IP: 10.2.3.4
STATUS: 2
FQDN: TUM_SATH_HO
----------------------------------------------------------------------
New trap received: Tue Dec 29 00:03:56 2015 for 
HOST: Localhost
IP: 10.2.3.4
STATUS: 2
FQDN: TUM_SATH_HO
----------------------------------------------------------------------
New trap received: Tue Dec 29 00:03:56 2015 for 
HOST: Localhost
IP: 10.2.3.4
STATUS: 2
FQDN: TUM_SATH_HO
----------------------------------------------------------------------
New trap received: Tue Dec 29 00:03:57 2015 for 
HOST: Localhost
IP: 10.2.3.4
STATUS: 2
FQDN: TUM_SATH_HO
----------------------------------------------------------------------
New trap received: Tue Dec 29 00:03:57 2015 for 
HOST: Localhost
IP: 10.2.3.4
STATUS: 2
FQDN: TUM_SATH_HO
----------------------------------------------------------------------
New trap received: Tue Dec 29 00:03:58 2015 for 
HOST: Localhost
IP: 10.2.3.4
STATUS: 2
FQDN: TUM_SATH_HO
----------------------------------------------------------------------
New trap received: Tue Dec 29 00:03:58 2015 for 
HOST: Localhost
IP: 10.2.3.4
STATUS: 2
FQDN: TUM_SATH_HO
----------------------------------------------------------------------
New trap received: Tue Dec 29 00:03:58 2015 for 
HOST: Localhost
IP: 10.2.3.4
STATUS: 2
FQDN: TUM_SATH_HO
----------------------------------------------------------------------
New trap received: Tue Dec 29 00:03:59 2015 for 
HOST: Localhost
IP: 10.2.3.4
STATUS: 2
FQDN: TUM_SATH_HO
----------------------------------------------------------------------
New trap received: Tue Dec 29 00:03:59 2015 for 
HOST: Localhost
IP: 10.2.3.4
STATUS: 2
FQDN: TUM_SATH_HO
----------------------------------------------------------------------
New trap received: Tue Dec 29 00:04:00 2015 for 
HOST: Localhost
IP: 10.2.3.4
STATUS: 2
FQDN: TUM_SATH_HO
----------------------------------------------------------------------
New trap received: Tue Dec 29 00:04:00 2015 for 
HOST: Localhost
IP: 10.2.3.4
STATUS: 2
FQDN: TUM_SATH_HO
----------------------------------------------------------------------
New trap received: Tue Dec 29 00:04:00 2015 for 
HOST: Localhost
IP: 10.2.3.4
STATUS: 2
FQDN: TUM_SATH_HO
----------------------------------------------------------------------
New trap received: Tue Dec 29 00:04:01 2015 for 
HOST: Localhost
IP: 10.2.3.4
STATUS: 2
FQDN: TUM_SATH_HO
----------------------------------------------------------------------
New trap received: Tue Dec 29 00:04:01 2015 for 
HOST: Localhost
IP: 10.2.3.4
STATUS: 2
FQDN: TUM_SATH_HO
----------------------------------------------------------------------
New trap received: Tue Dec 29 00:04:53 2015 for 
HOST: Localhost
IP: 10.2.3.4
STATUS: 2
FQDN: TUM_SATH_HO_NAHO
----------------------------------------------------------------------
New trap received: Tue Dec 29 00:05:04 2015 for 
HOST: Localhost
IP: 10.2.3.4
STATUS: 2
FQDN: TUM_SATH_HO_NAHO
----------------------------------------------------------------------
New trap received: Tue Dec 29 00:05:06 2015 for 
HOST: Localhost
IP: 10.2.3.4
STATUS: 2
FQDN: TUM_SATH_HO_NAHO
----------------------------------------------------------------------
New trap received: Tue Dec 29 00:05:07 2015 for 
HOST: Localhost
IP: 10.2.3.4
STATUS: 2
FQDN: TUM_SATH_HO_NAHO
----------------------------------------------------------------------
New trap received: Tue Dec 29 00:21:40 2015 for 
HOST: Localhost
IP: 10.2.3.4
STATUS: 2
FQDN: TUM_SATH_HO_NAHOfffffffffff
----------------------------------------------------------------------
New trap received: Tue Dec 29 00:22:18 2015 for 
HOST: Localhost
IP: 10.2.3.4
STATUS: 2
FQDN: TUM_SATH_HO_NAHOfffffffffffccccccccccccc
----------------------------------------------------------------------
New trap received: Tue Dec 29 00:23:46 2015 for 
HOST: Localhost
IP: 10.2.3.4
STATUS: 2
FQDN: TUM_SATH_HO_NAHOfffffffffffccccccccccccc
----------------------------------------------------------------------
New trap received: Tue Dec 29 00:25:19 2015 for 
HOST: Localhost
IP: 10.2.3.4
STATUS: 2
FQDN: CHANGE_IN_WAY_I_READ
----------------------------------------------------------------------
New trap received: Tue Dec 29 00:26:13 2015 for 
HOST: Localhost
IP: 10.2.3.4
STATUS: 2
FQDN: DEEPLY_CHANGE_IN_WAY_I_READ
----------------------------------------------------------------------
